<?xml version="1.0" encoding="UTF-8"?>
<testng-results ignored="0" total="1" passed="1" failed="0" skipped="0">
  <reporter-output>
  </reporter-output>
  <suite started-at="2024-01-04T14:59:42 IST" name="Default suite" finished-at="2024-01-04T14:59:45 IST" duration-ms="2124">
    <groups>
    </groups>
    <test started-at="2024-01-04T14:59:42 IST" name="Default test" finished-at="2024-01-04T14:59:45 IST" duration-ms="2124">
      <class name="Rest_1.Rest__1">
        <test-method signature="test_1()[pri:0, instance:Rest_1.Rest__1@593aaf41]" started-at="2024-01-04T14:59:42 IST" name="test_1" finished-at="2024-01-04T14:59:45 IST" duration-ms="2064" status="PASS">
          <reporter-output>
          </reporter-output>
        </test-method> <!-- test_1 -->
      </class> <!-- Rest_1.Rest__1 -->
    </test> <!-- Default test -->
  </suite> <!-- Default suite -->
</testng-results>
